Log file open, 04/03/19 11:39:35
LogWindows: Failed to load 'aqProf.dll' (GetLastError=126)
LogWindows: File 'aqProf.dll' does not exist
LogWindows: Failed to load 'VtuneApi.dll' (GetLastError=126)
LogWindows: File 'VtuneApi.dll' does not exist
LogWindows: Failed to load 'VtuneApi32e.dll' (GetLastError=126)
LogWindows: File 'VtuneApi32e.dll' does not exist
LogConsoleResponse: Display: Failed to find resolution value strings in scalability ini. Falling back to default.
LogInit: Display: Running engine for game: Hikikomori
LogPakFile: Registered encryption key '00000000000000000000000000000000': 0 pak files mounted, 0 remain pending
LogPlatformFile: Not using cached read wrapper
LogTaskGraph: Started task graph with 5 named threads and 23 total threads with 3 sets of task threads.
LogStats: Stats thread started at 0.273089
LogD3D11RHI: Loaded GFSDK_Aftermath_Lib.x64.dll
LogICUInternationalization: ICU TimeZone Detection - Raw Offset: +8:00, Platform Override: ''
LogPluginManager: Mounting plugin Paper2D
LogPluginManager: Mounting plugin AISupport
LogPluginManager: Mounting plugin LightPropagationVolume
LogPluginManager: Mounting plugin ActorLayerUtilities
LogPluginManager: Mounting plugin CLionSourceCodeAccess
LogPluginManager: Mounting plugin CodeLiteSourceCodeAccess
LogPluginManager: Mounting plugin GitSourceControl
LogPluginManager: Mounting plugin KDevelopSourceCodeAccess
LogPluginManager: Mounting plugin NullSourceCodeAccess
LogPluginManager: Mounting plugin PerforceSourceControl
LogPluginManager: Mounting plugin SubversionSourceControl
LogPluginManager: Mounting plugin UObjectPlugin
LogPluginManager: Mounting plugin VisualStudioCodeSourceCodeAccess
LogPluginManager: Mounting plugin VisualStudioSourceCodeAccess
LogPluginManager: Mounting plugin XCodeSourceCodeAccess
LogPluginManager: Mounting plugin AssetManagerEditor
LogPluginManager: Mounting plugin CryptoKeys
LogPluginManager: Mounting plugin DataValidation
LogPluginManager: Mounting plugin FacialAnimation
LogPluginManager: Mounting plugin GameplayTagsEditor
LogPluginManager: Mounting plugin MacGraphicsSwitching
LogPluginManager: Mounting plugin MeshEditor
LogPluginManager: Mounting plugin MobileLauncherProfileWizard
LogPluginManager: Mounting plugin PluginBrowser
LogPluginManager: Mounting plugin SpeedTreeImporter
LogPluginManager: Mounting plugin DatasmithContent
LogPluginManager: Mounting plugin VariantManagerContent
LogPluginManager: Mounting plugin AlembicImporter
LogPluginManager: Mounting plugin AppleImageUtils
LogPluginManager: Mounting plugin AppleVision
LogPluginManager: Mounting plugin BackChannel
LogPluginManager: Mounting plugin CharacterAI
LogPluginManager: Mounting plugin GeometryCache
LogPluginManager: Mounting plugin HTML5Networking
LogPluginManager: Mounting plugin ProxyLODPlugin
LogPluginManager: Mounting plugin MagicLeap
LogPluginManager: Mounting plugin MagicLeapMedia
LogPluginManager: Mounting plugin AndroidMedia
LogPluginManager: Mounting plugin AvfMedia
LogPluginManager: Mounting plugin ImgMedia
LogPluginManager: Mounting plugin LinearTimecode
LogPluginManager: Mounting plugin MediaCompositing
LogPluginManager: Mounting plugin MediaPlayerEditor
LogPluginManager: Mounting plugin WebMMedia
LogPluginManager: Mounting plugin WmfMedia
LogPluginManager: Mounting plugin TcpMessaging
LogPluginManager: Mounting plugin UdpMessaging
LogPluginManager: Mounting plugin ActorSequence
LogPluginManager: Mounting plugin LevelSequenceEditor
LogPluginManager: Mounting plugin MatineeToLevelSequence
LogPluginManager: Mounting plugin NetcodeUnitTest
LogPluginManager: Mounting plugin NUTUnrealEngine4
LogPluginManager: Mounting plugin OnlineSubsystemGooglePlay
LogPluginManager: Mounting plugin OnlineSubsystemIOS
LogPluginManager: Mounting plugin OnlineSubsystem
LogPluginManager: Mounting plugin OnlineSubsystemNull
LogPluginManager: Mounting plugin OnlineSubsystemUtils
LogPluginManager: Mounting plugin LauncherChunkInstaller
LogPluginManager: Mounting plugin AndroidDeviceProfileSelector
LogPluginManager: Mounting plugin AndroidMoviePlayer
LogPluginManager: Mounting plugin AndroidPermission
LogPluginManager: Mounting plugin AppleMoviePlayer
LogPluginManager: Mounting plugin ArchVisCharacter
LogPluginManager: Mounting plugin AudioCapture
LogPluginManager: Mounting plugin CableComponent
LogPluginManager: Mounting plugin CustomMeshComponent
LogPluginManager: Mounting plugin EditableMesh
LogPluginManager: Mounting plugin ExampleDeviceProfileSelector
LogPluginManager: Mounting plugin Firebase
LogPluginManager: Mounting plugin GoogleCloudMessaging
LogPluginManager: Mounting plugin IOSDeviceProfileSelector
LogPluginManager: Mounting plugin LinuxDeviceProfileSelector
LogPluginManager: Mounting plugin LocationServicesBPLibrary
LogPluginManager: Mounting plugin MobilePatchingUtils
LogPluginManager: Mounting plugin OculusVR
LogPluginManager: Mounting plugin PhysXVehicles
LogPluginManager: Mounting plugin ProceduralMeshComponent
LogPluginManager: Mounting plugin RuntimePhysXCooking
LogPluginManager: Mounting plugin SteamVR
LogPluginManager: Mounting plugin WebMMoviePlayer
LogPluginManager: Mounting plugin WindowsMoviePlayer
LogStreaming: Display: Took  0.056s to configure plugins.
LogInit: Using libcurl 7.55.1-DEV
LogInit:  - built for x86_64-pc-win32
LogInit:  - supports SSL with OpenSSL/1.0.2h
LogInit:  - supports HTTP deflate (compression) using libz 1.2.8
LogInit:  - other features:
LogInit:      CURL_VERSION_SSL
LogInit:      CURL_VERSION_LIBZ
LogInit:      CURL_VERSION_IPV6
LogInit:      CURL_VERSION_ASYNCHDNS
LogInit:      CURL_VERSION_LARGEFILE
LogInit:      CURL_VERSION_IDN
LogInit:  CurlRequestOptions (configurable via config and command line):
LogInit:  - bVerifyPeer = true  - Libcurl will verify peer certificate
LogInit:  - bUseHttpProxy = false  - Libcurl will NOT use HTTP proxy
LogInit:  - bDontReuseConnections = false  - Libcurl will reuse connections
LogInit:  - MaxHostConnections = 16  - Libcurl will limit the number of connections to a host
LogInit:  - LocalHostAddr = Default
LogInit:  - BufferSize = 65536
LogInit: WinSock: version 1.1 (2.2), MaxSocks=32767, MaxUdp=65467
LogInit: Build: ++UE4+Release-4.21-CL-4613538
LogInit: Engine Version: 4.21.1-4613538+++UE4+Release-4.21
LogInit: Compatible Engine Version: 4.21.0-4541578+++UE4+Release-4.21
LogInit: Net CL: 4541578
LogInit: OS: Windows 10 (), CPU: Intel(R) Core(TM) i7-7700 CPU @ 3.60GHz, GPU: NVIDIA GeForce GTX 1070
LogInit: Compiled (64-bit): Nov 30 2018 04:13:25
LogInit: Compiled with Visual C++: 19.13.26129.00
LogInit: Build Configuration: Development
LogInit: Branch Name: ++UE4+Release-4.21
LogInit: Command Line: 
LogInit: Base Directory: C:/Program Files/Epic Games/UE_4.21/Engine/Binaries/Win64/
LogInit: Installed Engine Build: 1
LogDevObjectVersion: Number of dev versions registered: 22
LogDevObjectVersion:   Dev-Blueprints (B0D832E4-1F89-4F0D-ACCF-7EB736FD4AA2): 10
LogDevObjectVersion:   Dev-Build (E1C64328-A22C-4D53-A36C-8E866417BD8C): 0
LogDevObjectVersion:   Dev-Core (375EC13C-06E4-48FB-B500-84F0262A717E): 2
LogDevObjectVersion:   Dev-Editor (E4B068ED-F494-42E9-A231-DA0B2E46BB41): 26
LogDevObjectVersion:   Dev-Framework (CFFC743F-43B0-4480-9391-14DF171D2073): 34
LogDevObjectVersion:   Dev-Mobile (B02B49B5-BB20-44E9-A304-32B752E40360): 2
LogDevObjectVersion:   Dev-Networking (A4E4105C-59A1-49B5-A7C5-40C4547EDFEE): 0
LogDevObjectVersion:   Dev-Online (39C831C9-5AE6-47DC-9A44-9C173E1C8E7C): 0
LogDevObjectVersion:   Dev-Physics (78F01B33-EBEA-4F98-B9B4-84EACCB95AA2): 0
LogDevObjectVersion:   Dev-Platform (6631380F-2D4D-43E0-8009-CF276956A95A): 0
LogDevObjectVersion:   Dev-Rendering (12F88B9F-8875-4AFC-A67C-D90C383ABD29): 27
LogDevObjectVersion:   Dev-Sequencer (7B5AE74C-D270-4C10-A958-57980B212A5A): 9
LogDevObjectVersion:   Dev-VR (D7296918-1DD6-4BDD-9DE2-64A83CC13884): 2
LogDevObjectVersion:   Dev-LoadTimes (C2A15278-BFE7-4AFE-6C17-90FF531DF755): 1
LogDevObjectVersion:   Private-Geometry (6EACA3D4-40EC-4CC1-B786-8BED09428FC5): 3
LogDevObjectVersion:   Dev-AnimPhys (29E575DD-E0A3-4627-9D10-D276232CDCEA): 17
LogDevObjectVersion:   Dev-Anim (AF43A65D-7FD3-4947-9873-3E8ED9C1BB05): 2
LogDevObjectVersion:   Dev-ReflectionCapture (6B266CEC-1EC7-4B8F-A30B-E4D90942FC07): 1
LogDevObjectVersion:   Dev-Automation (0DF73D61-A23F-47EA-B727-89E90C41499A): 1
LogDevObjectVersion:   FortniteMain (601D1886-AC64-4F84-AA16-D3DE0DEAC7D6): 17
LogDevObjectVersion:   Dev-Enterprise (9DFFBCD6-494F-0158-E221-12823C92A888): 4
LogDevObjectVersion:   Dev-Niagara (F2AED0AC-9AFE-416F-8664-AA7FFA26D6FC): 1
LogStreaming: Display: Took  0.000s to delete old logs.
LogInit: Presizing for max 8388607 objects, including 0 objects not considered by GC, pre-allocating 0 bytes for permanent pool.
LogInit: Object subsystem initialized
LogConfig: Setting CVar [[con.DebugEarlyDefault:1]]
LogConfig: Setting CVar [[r.setres:1280x720]]
[2019.04.03-03.39.35:980][  0]LogConfig: Setting CVar [[r.VSync:0]]
[2019.04.03-03.39.35:980][  0]LogConfig: Setting CVar [[r.RHICmdBypass:0]]
[2019.04.03-03.39.35:980][  0]LogConfig: Applying CVar settings from Section [/Script/Engine.RendererSettings] File [D:/James Robson/Github/hikikomori/Hikikomori_MAIN/Saved/Config/Windows/Engine.ini]
[2019.04.03-03.39.35:980][  0]LogConfig: Setting CVar [[r.GPUCrashDebugging:0]]
[2019.04.03-03.39.35:980][  0]LogConfig: Setting CVar [[r.DefaultFeature.AutoExposure:0]]
[2019.04.03-03.39.35:980][  0]LogConfig: Applying CVar settings from Section [/Script/Engine.RendererOverrideSettings] File [D:/James Robson/Github/hikikomori/Hikikomori_MAIN/Saved/Config/Windows/Engine.ini]
[2019.04.03-03.39.35:980][  0]LogConfig: Applying CVar settings from Section [/Script/Engine.StreamingSettings] File [D:/James Robson/Github/hikikomori/Hikikomori_MAIN/Saved/Config/Windows/Engine.ini]
[2019.04.03-03.39.35:980][  0]LogConfig: Setting CVar [[s.MinBulkDataSizeForAsyncLoading:131072]]
[2019.04.03-03.39.35:980][  0]LogConfig: Setting CVar [[s.AsyncLoadingThreadEnabled:0]]
[2019.04.03-03.39.35:980][  0]LogConfig: Setting CVar [[s.EventDrivenLoaderEnabled:1]]
[2019.04.03-03.39.35:980][  0]LogConfig: Setting CVar [[s.WarnIfTimeLimitExceeded:0]]
[2019.04.03-03.39.35:980][  0]LogConfig: Setting CVar [[s.TimeLimitExceededMultiplier:1.5]]
[2019.04.03-03.39.35:980][  0]LogConfig: Setting CVar [[s.TimeLimitExceededMinTime:0.005]]
[2019.04.03-03.39.35:980][  0]LogConfig: Setting CVar [[s.UseBackgroundLevelStreaming:1]]
[2019.04.03-03.39.35:980][  0]LogConfig: Setting CVar [[s.PriorityAsyncLoadingExtraTime:15.0]]
[2019.04.03-03.39.35:980][  0]LogConfig: Setting CVar [[s.LevelStreamingActorsUpdateTimeLimit:5.0]]
[2019.04.03-03.39.35:980][  0]LogConfig: Setting CVar [[s.PriorityLevelStreamingActorsUpdateExtraTime:5.0]]
[2019.04.03-03.39.35:980][  0]LogConfig: Setting CVar [[s.LevelStreamingComponentsRegistrationGranularity:10]]
[2019.04.03-03.39.35:980][  0]LogConfig: Setting CVar [[s.UnregisterComponentsTimeLimit:1.0]]
[2019.04.03-03.39.35:980][  0]LogConfig: Setting CVar [[s.LevelStreamingComponentsUnregistrationGranularity:5]]
[2019.04.03-03.39.35:980][  0]LogConfig: Applying CVar settings from Section [/Script/Engine.GarbageCollectionSettings] File [D:/James Robson/Github/hikikomori/Hikikomori_MAIN/Saved/Config/Windows/Engine.ini]
[2019.04.03-03.39.35:980][  0]LogConfig: Setting CVar [[gc.MaxObjectsNotConsideredByGC:1]]
[2019.04.03-03.39.35:980][  0]LogConfig: Setting CVar [[gc.SizeOfPermanentObjectPool:0]]
[2019.04.03-03.39.35:980][  0]LogConfig: Setting CVar [[gc.FlushStreamingOnGC:0]]
[2019.04.03-03.39.35:980][  0]LogConfig: Setting CVar [[gc.NumRetriesBeforeForcingGC:10]]
[2019.04.03-03.39.35:980][  0]LogConfig: Setting CVar [[gc.AllowParallelGC:1]]
[2019.04.03-03.39.35:980][  0]LogConfig: Setting CVar [[gc.TimeBetweenPurgingPendingKillObjects:61.1]]
[2019.04.03-03.39.35:980][  0]LogConfig: Setting CVar [[gc.MaxObjectsInEditor:8388607]]
[2019.04.03-03.39.35:980][  0]LogConfig: Setting CVar [[gc.IncrementalBeginDestroyEnabled:1]]
[2019.04.03-03.39.35:980][  0]LogConfig: Setting CVar [[gc.CreateGCClusters:1]]
[2019.04.03-03.39.35:980][  0]LogConfig: Setting CVar [[gc.MergeGCClusters:0]]
[2019.04.03-03.39.35:980][  0]LogConfig: Setting CVar [[gc.MinGCClusterSize:5]]
[2019.04.03-03.39.35:980][  0]LogConfig: Setting CVar [[gc.ActorClusteringEnabled:0]]
[2019.04.03-03.39.35:980][  0]LogConfig: Setting CVar [[gc.BlueprintClusteringEnabled:0]]
[2019.04.03-03.39.35:980][  0]LogConfig: Setting CVar [[gc.UseDisregardForGCOnDedicatedServers:0]]
[2019.04.03-03.39.35:980][  0]LogConfig: Applying CVar settings from Section [/Script/Engine.NetworkSettings] File [D:/James Robson/Github/hikikomori/Hikikomori_MAIN/Saved/Config/Windows/Engine.ini]
[2019.04.03-03.39.35:980][  0]LogConfig: Applying CVar settings from Section [/Script/UnrealEd.CookerSettings] File [D:/James Robson/Github/hikikomori/Hikikomori_MAIN/Saved/Config/Windows/Engine.ini]
[2019.04.03-03.39.35:983][  0]LogConfig: Applying CVar settings from Section [ViewDistanceQuality@3] File [D:/James Robson/Github/hikikomori/Hikikomori_MAIN/Saved/Config/Windows/Scalability.ini]
[2019.04.03-03.39.35:983][  0]LogConfig: Setting CVar [[r.SkeletalMeshLODBias:0]]
[2019.04.03-03.39.35:983][  0]LogConfig: Setting CVar [[r.ViewDistanceScale:1.0]]
[2019.04.03-03.39.35:983][  0]LogConfig: Applying CVar settings from Section [AntiAliasingQuality@3] File [D:/James Robson/Github/hikikomori/Hikikomori_MAIN/Saved/Config/Windows/Scalability.ini]
[2019.04.03-03.39.35:983][  0]LogConfig: Setting CVar [[r.PostProcessAAQuality:4]]
[2019.04.03-03.39.35:983][  0]LogConfig: Applying CVar settings from Section [ShadowQuality@3] File [D:/James Robson/Github/hikikomori/Hikikomori_MAIN/Saved/Config/Windows/Scalability.ini]
[2019.04.03-03.39.35:983][  0]LogConfig: Setting CVar [[r.LightFunctionQuality:1]]
[2019.04.03-03.39.35:983][  0]LogConfig: Setting CVar [[r.ShadowQuality:5]]
[2019.04.03-03.39.35:983][  0]LogConfig: Setting CVar [[r.Shadow.CSM.MaxCascades:10]]
[2019.04.03-03.39.35:983][  0]LogConfig: Setting CVar [[r.Shadow.MaxResolution:2048]]
[2019.04.03-03.39.35:983][  0]LogConfig: Setting CVar [[r.Shadow.MaxCSMResolution:2048]]
[2019.04.03-03.39.35:983][  0]LogConfig: Setting CVar [[r.Shadow.RadiusThreshold:0.01]]
[2019.04.03-03.39.35:983][  0]LogConfig: Setting CVar [[r.Shadow.DistanceScale:1.0]]
[2019.04.03-03.39.35:983][  0]LogConfig: Setting CVar [[r.Shadow.CSM.TransitionScale:1.0]]
[2019.04.03-03.39.35:983][  0]LogConfig: Setting CVar [[r.Shadow.PreShadowResolutionFactor:1.0]]
[2019.04.03-03.39.35:983][  0]LogConfig: Setting CVar [[r.DistanceFieldShadowing:1]]
[2019.04.03-03.39.35:983][  0]LogConfig: Setting CVar [[r.DistanceFieldAO:1]]
[2019.04.03-03.39.35:983][  0]LogConfig: Setting CVar [[r.AOQuality:2]]
[2019.04.03-03.39.35:983][  0]LogConfig: Setting CVar [[r.VolumetricFog:1]]
[2019.04.03-03.39.35:983][  0]LogConfig: Setting CVar [[r.VolumetricFog.GridPixelSize:8]]
[2019.04.03-03.39.35:983][  0]LogConfig: Setting CVar [[r.VolumetricFog.GridSizeZ:128]]
[2019.04.03-03.39.35:983][  0]LogConfig: Setting CVar [[r.VolumetricFog.HistoryMissSupersampleCount:4]]
[2019.04.03-03.39.35:983][  0]LogConfig: Setting CVar [[r.LightMaxDrawDistanceScale:1]]
[2019.04.03-03.39.35:983][  0]LogConfig: Setting CVar [[r.CapsuleShadows:1]]
[2019.04.03-03.39.35:983][  0]LogConfig: Applying CVar settings from Section [PostProcessQuality@3] File [D:/James Robson/Github/hikikomori/Hikikomori_MAIN/Saved/Config/Windows/Scalability.ini]
[2019.04.03-03.39.35:983][  0]LogConfig: Setting CVar [[r.MotionBlurQuality:4]]
[2019.04.03-03.39.35:983][  0]LogConfig: Setting CVar [[r.AmbientOcclusionMipLevelFactor:0.4]]
[2019.04.03-03.39.35:983][  0]LogConfig: Setting CVar [[r.AmbientOcclusionMaxQuality:100]]
[2019.04.03-03.39.35:983][  0]LogConfig: Setting CVar [[r.AmbientOcclusionLevels:-1]]
[2019.04.03-03.39.35:983][  0]LogConfig: Setting CVar [[r.AmbientOcclusionRadiusScale:1.0]]
[2019.04.03-03.39.35:983][  0]LogConfig: Setting CVar [[r.DepthOfFieldQuality:2]]
[2019.04.03-03.39.35:983][  0]LogConfig: Setting CVar [[r.RenderTargetPoolMin:400]]
[2019.04.03-03.39.35:983][  0]LogConfig: Setting CVar [[r.LensFlareQuality:2]]
[2019.04.03-03.39.35:983][  0]LogConfig: Setting CVar [[r.SceneColorFringeQuality:1]]
[2019.04.03-03.39.35:984][  0]LogConfig: Setting CVar [[r.EyeAdaptationQuality:2]]
[2019.04.03-03.39.35:984][  0]LogConfig: Setting CVar [[r.BloomQuality:5]]
[2019.04.03-03.39.35:984][  0]LogConfig: Setting CVar [[r.FastBlurThreshold:100]]
[2019.04.03-03.39.35:984][  0]LogConfig: Setting CVar [[r.Upscale.Quality:3]]
[2019.04.03-03.39.35:984][  0]LogConfig: Setting CVar [[r.Tonemapper.GrainQuantization:1]]
[2019.04.03-03.39.35:984][  0]LogConfig: Setting CVar [[r.LightShaftQuality:1]]
[2019.04.03-03.39.35:984][  0]LogConfig: Setting CVar [[r.Filter.SizeScale:1]]
[2019.04.03-03.39.35:984][  0]LogConfig: Setting CVar [[r.Tonemapper.Quality:5]]
[2019.04.03-03.39.35:984][  0]LogConfig: Setting CVar [[r.DOF.Gather.AccumulatorQuality:1        ; higher gathering accumulator quality]]
[2019.04.03-03.39.35:984][  0]LogConfig: Setting CVar [[r.DOF.Gather.PostfilterMethod:1          ; Median3x3 postfilering method]]
[2019.04.03-03.39.35:984][  0]LogConfig: Setting CVar [[r.DOF.Gather.EnableBokehSettings:0       ; no bokeh simulation when gathering]]
[2019.04.03-03.39.35:984][  0]LogConfig: Setting CVar [[r.DOF.Gather.RingCount:4                 ; medium number of samples when gathering]]
[2019.04.03-03.39.35:984][  0]LogConfig: Setting CVar [[r.DOF.Scatter.ForegroundCompositing:1    ; additive foreground scattering]]
[2019.04.03-03.39.35:984][  0]LogConfig: Setting CVar [[r.DOF.Scatter.BackgroundCompositing:2    ; additive background scattering]]
[2019.04.03-03.39.35:984][  0]LogConfig: Setting CVar [[r.DOF.Scatter.EnableBokehSettings:1      ; bokeh simulation when scattering]]
[2019.04.03-03.39.35:984][  0]LogConfig: Setting CVar [[r.DOF.Scatter.MaxSpriteRatio:0.1         ; only a maximum of 10% of scattered bokeh]]
[2019.04.03-03.39.35:984][  0]LogConfig: Setting CVar [[r.DOF.Recombine.Quality:1                ; cheap slight out of focus]]
[2019.04.03-03.39.35:984][  0]LogConfig: Setting CVar [[r.DOF.Recombine.EnableBokehSettings:0    ; no bokeh simulation on slight out of focus]]
[2019.04.03-03.39.35:984][  0]LogConfig: Setting CVar [[r.DOF.TemporalAAQuality:1                ; more stable temporal accumulation]]
[2019.04.03-03.39.35:984][  0]LogConfig: Setting CVar [[r.DOF.Kernel.MaxForegroundRadius:0.025]]
[2019.04.03-03.39.35:984][  0]LogConfig: Setting CVar [[r.DOF.Kernel.MaxBackgroundRadius:0.025]]
[2019.04.03-03.39.35:984][  0]LogConfig: Applying CVar settings from Section [TextureQuality@3] File [D:/James Robson/Github/hikikomori/Hikikomori_MAIN/Saved/Config/Windows/Scalability.ini]
[2019.04.03-03.39.35:984][  0]LogConfig: Setting CVar [[r.Streaming.MipBias:0]]
[2019.04.03-03.39.35:984][  0]LogConfig: Setting CVar [[r.Streaming.AmortizeCPUToGPUCopy:0]]
[2019.04.03-03.39.35:984][  0]LogConfig: Setting CVar [[r.Streaming.MaxNumTexturesToStreamPerFrame:0]]
[2019.04.03-03.39.35:984][  0]LogConfig: Setting CVar [[r.Streaming.Boost:1]]
[2019.04.03-03.39.35:984][  0]LogConfig: Setting CVar [[r.MaxAnisotropy:8]]
[2019.04.03-03.39.35:984][  0]LogConfig: Setting CVar [[r.Streaming.LimitPoolSizeToVRAM:0]]
[2019.04.03-03.39.35:984][  0]LogConfig: Setting CVar [[r.Streaming.PoolSize:1000]]
[2019.04.03-03.39.35:984][  0]LogConfig: Setting CVar [[r.Streaming.MaxEffectiveScreenSize:0]]
[2019.04.03-03.39.35:984][  0]LogConfig: Applying CVar settings from Section [EffectsQuality@3] File [D:/James Robson/Github/hikikomori/Hikikomori_MAIN/Saved/Config/Windows/Scalability.ini]
[2019.04.03-03.39.35:984][  0]LogConfig: Setting CVar [[r.TranslucencyLightingVolumeDim:64]]
[2019.04.03-03.39.35:984][  0]LogConfig: Setting CVar [[r.RefractionQuality:2]]
[2019.04.03-03.39.35:984][  0]LogConfig: Setting CVar [[r.SSR.Quality:3]]
[2019.04.03-03.39.35:984][  0]LogConfig: Setting CVar [[r.SceneColorFormat:4]]
[2019.04.03-03.39.35:984][  0]LogConfig: Setting CVar [[r.DetailMode:2]]
[2019.04.03-03.39.35:984][  0]LogConfig: Setting CVar [[r.TranslucencyVolumeBlur:1]]
[2019.04.03-03.39.35:984][  0]LogConfig: Setting CVar [[r.MaterialQualityLevel:1 ; High quality]]
[2019.04.03-03.39.35:984][  0]LogConfig: Setting CVar [[r.SSS.Scale:1]]
[2019.04.03-03.39.35:984][  0]LogConfig: Setting CVar [[r.SSS.SampleSet:2]]
[2019.04.03-03.39.35:984][  0]LogConfig: Setting CVar [[r.SSS.Quality:1]]
[2019.04.03-03.39.35:984][  0]LogConfig: Setting CVar [[r.SSS.HalfRes:1]]
[2019.04.03-03.39.35:984][  0]LogConfig: Setting CVar [[r.EmitterSpawnRateScale:1.0]]
[2019.04.03-03.39.35:984][  0]LogConfig: Setting CVar [[r.ParticleLightQuality:2]]
[2019.04.03-03.39.35:984][  0]LogConfig: Applying CVar settings from Section [FoliageQuality@3] File [D:/James Robson/Github/hikikomori/Hikikomori_MAIN/Saved/Config/Windows/Scalability.ini]
[2019.04.03-03.39.35:984][  0]LogConfig: Setting CVar [[foliage.DensityScale:1.0]]
[2019.04.03-03.39.35:984][  0]LogConfig: Setting CVar [[grass.DensityScale:1.0]]
[2019.04.03-03.39.35:984][  0]LogInit: Selected Device Profile: [Windows]
[2019.04.03-03.39.35:984][  0]LogInit: Applying CVar settings loaded from the selected device profile: [Windows]
[2019.04.03-03.39.35:993][  0]LogHAL: Display: Platform has ~ 32 GB [34286878720 / 34359738368 / 32], which maps to Largest [LargestMinGB=32, LargerMinGB=12, DefaultMinGB=8, SmallerMinGB=6, SmallestMinGB=0)
[2019.04.03-03.39.35:993][  0]LogConfig: Setting CVar [[r.Vulkan.UseRealUBs:1]]
[2019.04.03-03.39.35:993][  0]LogInit: Going up to parent DeviceProfile []
[2019.04.03-03.39.35:993][  0]LogConfig: Applying CVar settings from Section [ViewDistanceQuality@3] File [D:/James Robson/Github/hikikomori/Hikikomori_MAIN/Saved/Config/Windows/Scalability.ini]
[2019.04.03-03.39.35:993][  0]LogConfig: Setting CVar [[r.SkeletalMeshLODBias:0]]
[2019.04.03-03.39.35:993][  0]LogConfig: Setting CVar [[r.ViewDistanceScale:1.0]]
[2019.04.03-03.39.35:993][  0]LogConfig: Applying CVar settings from Section [AntiAliasingQuality@3] File [D:/James Robson/Github/hikikomori/Hikikomori_MAIN/Saved/Config/Windows/Scalability.ini]
[2019.04.03-03.39.35:993][  0]LogConfig: Setting CVar [[r.PostProcessAAQuality:4]]
[2019.04.03-03.39.35:993][  0]LogConfig: Applying CVar settings from Section [ShadowQuality@3] File [D:/James Robson/Github/hikikomori/Hikikomori_MAIN/Saved/Config/Windows/Scalability.ini]
[2019.04.03-03.39.35:993][  0]LogConfig: Setting CVar [[r.LightFunctionQuality:1]]
[2019.04.03-03.39.35:993][  0]LogConfig: Setting CVar [[r.ShadowQuality:5]]
[2019.04.03-03.39.35:993][  0]LogConfig: Setting CVar [[r.Shadow.CSM.MaxCascades:10]]
[2019.04.03-03.39.35:993][  0]LogConfig: Setting CVar [[r.Shadow.MaxResolution:2048]]
[2019.04.03-03.39.35:993][  0]LogConfig: Setting CVar [[r.Shadow.MaxCSMResolution:2048]]
[2019.04.03-03.39.35:993][  0]LogConfig: Setting CVar [[r.Shadow.RadiusThreshold:0.01]]
[2019.04.03-03.39.35:993][  0]LogConfig: Setting CVar [[r.Shadow.DistanceScale:1.0]]
[2019.04.03-03.39.35:993][  0]LogConfig: Setting CVar [[r.Shadow.CSM.TransitionScale:1.0]]
[2019.04.03-03.39.35:993][  0]LogConfig: Setting CVar [[r.Shadow.PreShadowResolutionFactor:1.0]]
[2019.04.03-03.39.35:993][  0]LogConfig: Setting CVar [[r.DistanceFieldShadowing:1]]
[2019.04.03-03.39.35:993][  0]LogConfig: Setting CVar [[r.DistanceFieldAO:1]]
[2019.04.03-03.39.35:993][  0]LogConfig: Setting CVar [[r.AOQuality:2]]
[2019.04.03-03.39.35:993][  0]LogConfig: Setting CVar [[r.VolumetricFog:1]]
[2019.04.03-03.39.35:993][  0]LogConfig: Setting CVar [[r.VolumetricFog.GridPixelSize:8]]
[2019.04.03-03.39.35:993][  0]LogConfig: Setting CVar [[r.VolumetricFog.GridSizeZ:128]]
[2019.04.03-03.39.35:993][  0]LogConfig: Setting CVar [[r.VolumetricFog.HistoryMissSupersampleCount:4]]
[2019.04.03-03.39.35:993][  0]LogConfig: Setting CVar [[r.LightMaxDrawDistanceScale:1]]
[2019.04.03-03.39.35:993][  0]LogConfig: Setting CVar [[r.CapsuleShadows:1]]
[2019.04.03-03.39.35:993][  0]LogConfig: Applying CVar settings from Section [PostProcessQuality@3] File [D:/James Robson/Github/hikikomori/Hikikomori_MAIN/Saved/Config/Windows/Scalability.ini]
[2019.04.03-03.39.35:993][  0]LogConfig: Setting CVar [[r.MotionBlurQuality:4]]
[2019.04.03-03.39.35:993][  0]LogConfig: Setting CVar [[r.AmbientOcclusionMipLevelFactor:0.4]]
[2019.04.03-03.39.35:993][  0]LogConfig: Setting CVar [[r.AmbientOcclusionMaxQuality:100]]
[2019.04.03-03.39.35:993][  0]LogConfig: Setting CVar [[r.AmbientOcclusionLevels:-1]]
[2019.04.03-03.39.35:993][  0]LogConfig: Setting CVar [[r.AmbientOcclusionRadiusScale:1.0]]
[2019.04.03-03.39.35:993][  0]LogConfig: Setting CVar [[r.DepthOfFieldQuality:2]]
[2019.04.03-03.39.35:993][  0]LogConfig: Setting CVar [[r.RenderTargetPoolMin:400]]
[2019.04.03-03.39.35:993][  0]LogConfig: Setting CVar [[r.LensFlareQuality:2]]
[2019.04.03-03.39.35:993][  0]LogConfig: Setting CVar [[r.SceneColorFringeQuality:1]]
[2019.04.03-03.39.35:993][  0]LogConfig: Setting CVar [[r.EyeAdaptationQuality:2]]
[2019.04.03-03.39.35:993][  0]LogConfig: Setting CVar [[r.BloomQuality:5]]
[2019.04.03-03.39.35:993][  0]LogConfig: Setting CVar [[r.FastBlurThreshold:100]]
[2019.04.03-03.39.35:993][  0]LogConfig: Setting CVar [[r.Upscale.Quality:3]]
[2019.04.03-03.39.35:993][  0]LogConfig: Setting CVar [[r.Tonemapper.GrainQuantization:1]]
[2019.04.03-03.39.35:993][  0]LogConfig: Setting CVar [[r.LightShaftQuality:1]]
[2019.04.03-03.39.35:993][  0]LogConfig: Setting CVar [[r.Filter.SizeScale:1]]
[2019.04.03-03.39.35:993][  0]LogConfig: Setting CVar [[r.Tonemapper.Quality:5]]
[2019.04.03-03.39.35:993][  0]LogConfig: Setting CVar [[r.DOF.Gather.AccumulatorQuality:1        ; higher gathering accumulator quality]]
[2019.04.03-03.39.35:993][  0]LogConfig: Setting CVar [[r.DOF.Gather.PostfilterMethod:1          ; Median3x3 postfilering method]]
[2019.04.03-03.39.35:993][  0]LogConfig: Setting CVar [[r.DOF.Gather.EnableBokehSettings:0       ; no bokeh simulation when gathering]]
[2019.04.03-03.39.35:994][  0]LogConfig: Setting CVar [[r.DOF.Gather.RingCount:4                 ; medium number of samples when gathering]]
[2019.04.03-03.39.35:994][  0]LogConfig: Setting CVar [[r.DOF.Scatter.ForegroundCompositing:1    ; additive foreground scattering]]
[2019.04.03-03.39.35:994][  0]LogConfig: Setting CVar [[r.DOF.Scatter.BackgroundCompositing:2    ; additive background scattering]]
[2019.04.03-03.39.35:994][  0]LogConfig: Setting CVar [[r.DOF.Scatter.EnableBokehSettings:1      ; bokeh simulation when scattering]]
[2019.04.03-03.39.35:994][  0]LogConfig: Setting CVar [[r.DOF.Scatter.MaxSpriteRatio:0.1         ; only a maximum of 10% of scattered bokeh]]
[2019.04.03-03.39.35:994][  0]LogConfig: Setting CVar [[r.DOF.Recombine.Quality:1                ; cheap slight out of focus]]
[2019.04.03-03.39.35:994][  0]LogConfig: Setting CVar [[r.DOF.Recombine.EnableBokehSettings:0    ; no bokeh simulation on slight out of focus]]
[2019.04.03-03.39.35:994][  0]LogConfig: Setting CVar [[r.DOF.TemporalAAQuality:1                ; more stable temporal accumulation]]
[2019.04.03-03.39.35:994][  0]LogConfig: Setting CVar [[r.DOF.Kernel.MaxForegroundRadius:0.025]]
[2019.04.03-03.39.35:994][  0]LogConfig: Setting CVar [[r.DOF.Kernel.MaxBackgroundRadius:0.025]]
[2019.04.03-03.39.35:994][  0]LogConfig: Applying CVar settings from Section [TextureQuality@3] File [D:/James Robson/Github/hikikomori/Hikikomori_MAIN/Saved/Config/Windows/Scalability.ini]
[2019.04.03-03.39.35:994][  0]LogConfig: Setting CVar [[r.Streaming.MipBias:0]]
[2019.04.03-03.39.35:994][  0]LogConfig: Setting CVar [[r.Streaming.AmortizeCPUToGPUCopy:0]]
[2019.04.03-03.39.35:994][  0]LogConfig: Setting CVar [[r.Streaming.MaxNumTexturesToStreamPerFrame:0]]
[2019.04.03-03.39.35:994][  0]LogConfig: Setting CVar [[r.Streaming.Boost:1]]
[2019.04.03-03.39.35:994][  0]LogConfig: Setting CVar [[r.MaxAnisotropy:8]]
[2019.04.03-03.39.35:994][  0]LogConfig: Setting CVar [[r.Streaming.LimitPoolSizeToVRAM:0]]
[2019.04.03-03.39.35:994][  0]LogConfig: Setting CVar [[r.Streaming.PoolSize:1000]]
[2019.04.03-03.39.35:994][  0]LogConfig: Setting CVar [[r.Streaming.MaxEffectiveScreenSize:0]]
[2019.04.03-03.39.35:994][  0]LogConfig: Applying CVar settings from Section [EffectsQuality@3] File [D:/James Robson/Github/hikikomori/Hikikomori_MAIN/Saved/Config/Windows/Scalability.ini]
[2019.04.03-03.39.35:994][  0]LogConfig: Setting CVar [[r.TranslucencyLightingVolumeDim:64]]
[2019.04.03-03.39.35:994][  0]LogConfig: Setting CVar [[r.RefractionQuality:2]]
[2019.04.03-03.39.35:994][  0]LogConfig: Setting CVar [[r.SSR.Quality:3]]
[2019.04.03-03.39.35:994][  0]LogConfig: Setting CVar [[r.SceneColorFormat:4]]
[2019.04.03-03.39.35:994][  0]LogConfig: Setting CVar [[r.DetailMode:2]]
[2019.04.03-03.39.35:994][  0]LogConfig: Setting CVar [[r.TranslucencyVolumeBlur:1]]
[2019.04.03-03.39.35:994][  0]LogConfig: Setting CVar [[r.MaterialQualityLevel:1 ; High quality]]
[2019.04.03-03.39.35:994][  0]LogConfig: Setting CVar [[r.SSS.Scale:1]]
[2019.04.03-03.39.35:994][  0]LogConfig: Setting CVar [[r.SSS.SampleSet:2]]
[2019.04.03-03.39.35:994][  0]LogConfig: Setting CVar [[r.SSS.Quality:1]]
[2019.04.03-03.39.35:994][  0]LogConfig: Setting CVar [[r.SSS.HalfRes:1]]
[2019.04.03-03.39.35:994][  0]LogConfig: Setting CVar [[r.EmitterSpawnRateScale:1.0]]
[2019.04.03-03.39.35:994][  0]LogConfig: Setting CVar [[r.ParticleLightQuality:2]]
[2019.04.03-03.39.35:994][  0]LogConfig: Applying CVar settings from Section [FoliageQuality@3] File [D:/James Robson/Github/hikikomori/Hikikomori_MAIN/Saved/Config/Windows/Scalability.ini]
[2019.04.03-03.39.35:994][  0]LogConfig: Setting CVar [[foliage.DensityScale:1.0]]
[2019.04.03-03.39.35:994][  0]LogConfig: Setting CVar [[grass.DensityScale:1.0]]
[2019.04.03-03.39.35:994][  0]LogConfig: Applying CVar settings from Section [Startup] File [../../../Engine/Config/ConsoleVariables.ini]
[2019.04.03-03.39.35:994][  0]LogConfig: Setting CVar [[net.UseAdaptiveNetUpdateFrequency:0]]
[2019.04.03-03.39.35:994][  0]LogConfig: Applying CVar settings from Section [ConsoleVariables] File [D:/James Robson/Github/hikikomori/Hikikomori_MAIN/Saved/Config/Windows/Engine.ini]
[2019.04.03-03.39.35:994][  0]LogInit: Computer: PER-L4-13W
[2019.04.03-03.39.35:994][  0]LogInit: User: jrobson14
[2019.04.03-03.39.35:994][  0]LogInit: CPU Page size=4096, Cores=4
[2019.04.03-03.39.35:994][  0]LogInit: High frequency timer resolution =3.515630 MHz
[2019.04.03-03.39.35:994][  0]LogMemory: Memory total: Physical=31.9GB (32GB approx)
[2019.04.03-03.39.35:994][  0]LogMemory: Platform Memory Stats for Windows
[2019.04.03-03.39.35:994][  0]LogMemory: Process Physical Memory: 103.85 MB used, 103.85 MB peak
[2019.04.03-03.39.35:994][  0]LogMemory: Process Virtual Memory: 89.87 MB used, 89.87 MB peak
[2019.04.03-03.39.35:994][  0]LogMemory: Physical Memory: 4313.50 MB used,  28385.01 MB free, 32698.52 MB total
[2019.04.03-03.39.35:994][  0]LogMemory: Virtual Memory: 4646.62 MB used,  134213080.00 MB free, 134217728.00 MB total
[2019.04.03-03.39.36:015][  0]LogInit: Using OS detected language (en-US).
[2019.04.03-03.39.36:015][  0]LogInit: Using OS detected locale (en-AU).
[2019.04.03-03.39.36:016][  0]LogTextLocalizationManager: No specific localization for 'en-US' exists, so the 'en' localization will be used.
[2019.04.03-03.39.36:311][  0]LogStreaming: Display: Took  0.295s to InitEngineTextLocalization.
[2019.04.03-03.39.36:311][  0]LogInit: Setting process to per monitor DPI aware
[2019.04.03-03.39.36:339][  0]LogSlate: New Slate User Created.  User Index 0, Is Virtual User: 0
[2019.04.03-03.39.36:339][  0]LogSlate: Slate User Registered.  User Index 0, Is Virtual User: 0
[2019.04.03-03.39.36:559][  0]LogHMD: Failed to initialize OpenVR with code 126
[2019.04.03-03.39.36:559][  0]LogD3D11RHI: D3D11 adapters:
[2019.04.03-03.39.36:626][  0]LogD3D11RHI:    0. 'NVIDIA GeForce GTX 1070' (Feature Level 11_0)
[2019.04.03-03.39.36:626][  0]LogD3D11RHI:       8088/0/16349 MB DedicatedVideo/DedicatedSystem/SharedSystem, Outputs:1, VendorId:0x10de
[2019.04.03-03.39.36:628][  0]LogD3D11RHI:    1. 'Microsoft Basic Render Driver' (Feature Level 11_0)
[2019.04.03-03.39.36:628][  0]LogD3D11RHI:       0/0/16349 MB DedicatedVideo/DedicatedSystem/SharedSystem, Outputs:0, VendorId:0x1414
[2019.04.03-03.39.36:628][  0]LogD3D11RHI: Chosen D3D11 Adapter: 0
[2019.04.03-03.39.36:633][  0]LogD3D11RHI: Creating new Direct3DDevice
[2019.04.03-03.39.36:633][  0]LogD3D11RHI:     GPU DeviceId: 0x1b81 (for the marketing name, search the web for "GPU Device Id")
[2019.04.03-03.39.36:633][  0]LogWindows: EnumDisplayDevices:
[2019.04.03-03.39.36:633][  0]LogWindows:    0. 'NVIDIA GeForce GTX 1070' (P:1 D:1)
[2019.04.03-03.39.36:634][  0]LogWindows:    1. 'NVIDIA GeForce GTX 1070' (P:0 D:0)
[2019.04.03-03.39.36:634][  0]LogWindows:    2. 'NVIDIA GeForce GTX 1070' (P:0 D:0)
[2019.04.03-03.39.36:635][  0]LogWindows:    3. 'NVIDIA GeForce GTX 1070' (P:0 D:0)
[2019.04.03-03.39.36:635][  0]LogWindows: DebugString: FoundDriverCount:4 
[2019.04.03-03.39.36:635][  0]LogD3D11RHI:     Adapter Name: NVIDIA GeForce GTX 1070
[2019.04.03-03.39.36:635][  0]LogD3D11RHI:   Driver Version: 416.94 (internal:25.21.14.1694, unified:416.94)
[2019.04.03-03.39.36:635][  0]LogD3D11RHI:      Driver Date: 11-12-2018
[2019.04.03-03.39.36:635][  0]LogRHI: Texture pool is 5661 MB (70% of 8088 MB)
[2019.04.03-03.39.36:673][  0]LogD3D11RHI: Async texture creation enabled
[2019.04.03-03.39.36:690][  0]LogD3D11RHI: GPU Timing Frequency: 1000.000000 (Debug: 2 2)
[2019.04.03-03.39.37:080][  0]LogTemp: Display: Loaded TP AllDesktopTargetPlatform
[2019.04.03-03.39.37:099][  0]LogTemp: Display: Loaded TP MacClientTargetPlatform
[2019.04.03-03.39.37:117][  0]LogTemp: Display: Loaded TP MacNoEditorTargetPlatform
[2019.04.03-03.39.37:130][  0]LogTemp: Display: Loaded TP MacServerTargetPlatform
[2019.04.03-03.39.37:142][  0]LogTemp: Display: Loaded TP MacTargetPlatform
[2019.04.03-03.39.37:155][  0]LogTemp: Display: Loaded TP WindowsClientTargetPlatform
[2019.04.03-03.39.37:167][  0]LogTemp: Display: Loaded TP WindowsNoEditorTargetPlatform
[2019.04.03-03.39.37:182][  0]LogTemp: Display: Loaded TP WindowsServerTargetPlatform
[2019.04.03-03.39.37:189][  0]LogTemp: Display: Loaded TP WindowsTargetPlatform
[2019.04.03-03.39.37:256][  0]LogTemp: Display: Loaded TP AndroidTargetPlatform
[2019.04.03-03.39.37:256][  0]LogTemp: Display: Loaded TP AndroidTargetPlatform
[2019.04.03-03.39.37:256][  0]LogTemp: Display: Loaded TP AndroidTargetPlatform
[2019.04.03-03.39.37:256][  0]LogTemp: Display: Loaded TP AndroidTargetPlatform
[2019.04.03-03.39.37:256][  0]LogTemp: Display: Loaded TP AndroidTargetPlatform
[2019.04.03-03.39.37:256][  0]LogTemp: Display: Loaded TP AndroidTargetPlatform
[2019.04.03-03.39.37:256][  0]LogTemp: Display: Loaded TP AndroidTargetPlatform
[2019.04.03-03.39.37:256][  0]LogTemp: Display: Loaded TP AndroidTargetPlatform
[2019.04.03-03.39.37:257][  0]LogTemp: Display: Loaded TP AndroidTargetPlatform
[2019.04.03-03.39.37:257][  0]LogTemp: Display: Loaded TP AndroidTargetPlatform
[2019.04.03-03.39.37:257][  0]LogTemp: Display: Loaded TP AndroidTargetPlatform
[2019.04.03-03.39.37:257][  0]LogTemp: Display: Loaded TP AndroidTargetPlatform
[2019.04.03-03.39.37:257][  0]LogTemp: Display: Loaded TP AndroidTargetPlatform
[2019.04.03-03.39.37:257][  0]LogTemp: Display: Loaded TP AndroidTargetPlatform
[2019.04.03-03.39.37:257][  0]LogTemp: Display: Loaded TP AndroidTargetPlatform
[2019.04.03-03.39.37:257][  0]LogTemp: Display: Loaded TP AndroidTargetPlatform
[2019.04.03-03.39.37:257][  0]LogTemp: Display: Loaded TP AndroidTargetPlatform
[2019.04.03-03.39.37:257][  0]LogTemp: Display: Loaded TP AndroidTargetPlatform
[2019.04.03-03.39.37:258][  0]LogTemp: Display: Loaded TP HTML5TargetPlatform
[2019.04.03-03.39.37:320][  0]LogTemp: Display: Loaded TP IOSTargetPlatform
[2019.04.03-03.39.37:320][  0]LogTemp: Display: Loaded TP IOSTargetPlatform
[2019.04.03-03.39.37:339][  0]LogTemp: Display: Loaded TP TVOSTargetPlatform
[2019.04.03-03.39.37:340][  0]LogTemp: Display: Loaded TP TVOSTargetPlatform
[2019.04.03-03.39.37:350][  0]LogTemp: Display: Loaded TP LinuxClientTargetPlatform
[2019.04.03-03.39.37:360][  0]LogTemp: Display: Loaded TP LinuxNoEditorTargetPlatform
[2019.04.03-03.39.37:370][  0]LogTemp: Display: Loaded TP LinuxServerTargetPlatform
[2019.04.03-03.39.37:381][  0]LogTemp: Display: Loaded TP LinuxTargetPlatform
[2019.04.03-03.39.37:421][  0]LogTemp: Display: Loaded TP LuminTargetPlatform
[2019.04.03-03.39.37:421][  0]LogTemp: Display: Loaded TP LuminTargetPlatform
[2019.04.03-03.39.37:421][  0]LogTargetPlatformManager: Display: Building Assets For Windows
[2019.04.03-03.39.37:491][  0]LogShaderCompilers: Guid format shader working directory is 1 characters bigger than the processId version (D:/James Robson/Github/hikikomori/Hikikomori_MAIN/Intermediate/Shaders/WorkingDirectory/1960/).
[2019.04.03-03.39.37:491][  0]LogShaderCompilers: Cleaned the shader compiler working directory 'C:/Users/jrobson14/AppData/Local/Temp/UnrealShaderWorkingDir/353F118647961327C100A89E6ED4C1E7/'.
[2019.04.03-03.39.37:493][  0]LogXGEController: Cleaning working directory: C:/Users/jrobson14/AppData/Local/Temp/UnrealXGEWorkingDir/
[2019.04.03-03.39.37:493][  0]LogXGEController: Cannot use XGE Controller as Incredibuild is not installed on this machine.
[2019.04.03-03.39.37:493][  0]LogShaderCompilers: Cannot use XGE Shader Compiler as Incredibuild is not installed on this machine.
[2019.04.03-03.39.37:493][  0]LogShaderCompilers: Display: Using Local Shader Compiler.
[2019.04.03-03.39.37:965][  0]LogDerivedDataCache: Display: Max Cache Size: 512 MB
[2019.04.03-03.39.38:010][  0]LogDerivedDataCache: Loaded boot cache 0.04s 71MB C:/Users/jrobson14/AppData/Local/UnrealEngine/4.21/DerivedDataCache/Boot.ddc.
[2019.04.03-03.39.38:010][  0]LogDerivedDataCache: Display: Loaded Boot cache: C:/Users/jrobson14/AppData/Local/UnrealEngine/4.21/DerivedDataCache/Boot.ddc
[2019.04.03-03.39.38:010][  0]LogDerivedDataCache: FDerivedDataBackendGraph:  Pak pak cache file D:/James Robson/Github/hikikomori/Hikikomori_MAIN/DerivedDataCache/DDC.ddp not found, will not use a pak cache.
[2019.04.03-03.39.38:010][  0]LogDerivedDataCache: Unable to find inner node Pak for hierarchical cache Hierarchy.
[2019.04.03-03.39.38:010][  0]LogDerivedDataCache: FDerivedDataBackendGraph:  CompressedPak pak cache file D:/James Robson/Github/hikikomori/Hikikomori_MAIN/DerivedDataCache/Compressed.ddp not found, will not use a pak cache.
[2019.04.03-03.39.38:010][  0]LogDerivedDataCache: Unable to find inner node CompressedPak for hierarchical cache Hierarchy.
[2019.04.03-03.39.38:024][  0]LogDerivedDataCache: Display: Pak cache opened for reading ../../../Engine/DerivedDataCache/Compressed.ddp.
[2019.04.03-03.39.38:024][  0]LogDerivedDataCache: FDerivedDataBackendGraph:  EnterprisePak pak cache file ../../../Enterprise/DerivedDataCache/Compressed.ddp not found, will not use a pak cache.
[2019.04.03-03.39.38:024][  0]LogDerivedDataCache: Unable to find inner node EnterprisePak for hierarchical cache Hierarchy.
[2019.04.03-03.39.38:037][  0]LogDerivedDataCache: Using Local data cache path C:/Users/jrobson14/AppData/Local/UnrealEngine/Common/DerivedDataCache: Writable
[2019.04.03-03.39.38:037][  0]LogDerivedDataCache: Shared data cache path not found in *engine.ini, will not use an Shared cache.
[2019.04.03-03.39.38:037][  0]LogDerivedDataCache: Unable to find inner node Shared for hierarchical cache Hierarchy.
[2019.04.03-03.39.38:056][  0]LogMaterial: Verifying Global Shaders for PCD3D_SM5
[2019.04.03-03.39.38:058][  0]LogSlate: Using FreeType 2.6.0
[2019.04.03-03.39.38:059][  0]LogSlate: SlateFontServices - WITH_FREETYPE: 1, WITH_HARFBUZZ: 1
[2019.04.03-03.39.38:145][  0]LogAssetRegistry: FAssetRegistry took 0.0312 seconds to start up
[2019.04.03-03.39.38:452][  0]LogInit: Selected Device Profile: [Windows]
[2019.04.03-03.39.38:520][  0]LogSimplygon: Simplygon DLL not present - disabling.
[2019.04.03-03.39.38:525][  0]LogMeshReduction: Using SimplygonSwarm for distributed automatic mesh merging
[2019.04.03-03.39.38:525][  0]LogMeshReduction: Using ProxyLODMeshReduction for automatic mesh merging
[2019.04.03-03.39.38:525][  0]LogMeshReduction: Using QuadricMeshReduction for automatic static mesh reduction
[2019.04.03-03.39.38:525][  0]LogMeshReduction: No automatic skeletal mesh reduction module available
[2019.04.03-03.39.38:609][  0]LogNetVersion: Hikikomori 1.0.0, NetCL: 4541578, EngineNetVer: 5, GameNetVer: 0 (Checksum: 2358501351)
[2019.04.03-03.39.39:071][  0]LogPackageLocalizationCache: Processed 11 localized package path(s) for 2 prioritized culture(s) in 0.080071 seconds
[2019.04.03-03.39.39:078][  0]LogUObjectArray: 39775 objects as part of root set at end of initial load.
[2019.04.03-03.39.39:078][  0]LogUObjectAllocator: 6914656 out of 0 bytes used by permanent object pool.
[2019.04.03-03.39.39:078][  0]LogUObjectArray: CloseDisregardForGC: 0/0 objects in disregard for GC pool
[2019.04.03-03.39.39:930][  0]LogTcpMessaging: Initializing TcpMessaging bridge
[2019.04.03-03.39.39:944][  0]LogUdpMessaging: Initializing bridge on interface 0.0.0.0:0 to multicast group 230.0.0.1:6666.
[2019.04.03-03.39.40:617][  0]SourceControl: Source control is disabled
[2019.04.03-03.39.40:617][  0]SourceControl: Source control is disabled
[2019.04.03-03.39.40:619][  0]SourceControl: Source control is disabled
[2019.04.03-03.39.40:620][  0]SourceControl: Source control is disabled
[2019.04.03-03.39.40:775][  0]LogAndroidPermission: UAndroidPermissionCallbackProxy::GetInstance
[2019.04.03-03.39.40:858][  0]LogOcInput: OculusInput pre-init called
[2019.04.03-03.39.40:983][  0]LogEngine: Initializing Engine...
[2019.04.03-03.39.41:005][  0]LogHMD: Failed to initialize OpenVR with code 126
[2019.04.03-03.39.41:006][  0]LogStats: UGameplayTagsManager::ConstructGameplayTagTree: ImportINI prefixes -  0.000 s
[2019.04.03-03.39.41:006][  0]LogStats: UGameplayTagsManager::ConstructGameplayTagTree: Construct from data asset -  0.000 s
[2019.04.03-03.39.41:006][  0]LogStats: UGameplayTagsManager::ConstructGameplayTagTree: ImportINI -  0.000 s
[2019.04.03-03.39.41:006][  0]LogStats: UGameplayTagsManager::ConstructGameplayTagTree: GameplayTagTreeChangedEvent.Broadcast -  0.000 s
[2019.04.03-03.39.41:198][  0]LogInit: Initializing FReadOnlyCVARCache
[2019.04.03-03.39.41:211][  0]LogAIModule: Creating AISystem for world Untitled
[2019.04.03-03.39.41:238][  0]LogInit: XAudio2 using 'VZ27A (2- NVIDIA High Definition Audio)' : 2 channels at 48 kHz using 16 bits per sample (channel mask 0x3)
[2019.04.03-03.39.41:277][  0]LogInit: FAudioDevice initialized.
[2019.04.03-03.39.41:277][  0]LogNetVersion: Set ProjectVersion to 1.0.0.0. Version Checksum will be recalculated on next use.
[2019.04.03-03.39.41:347][  0]LogDerivedDataCache: Saved boot cache 0.07s 71MB C:/Users/jrobson14/AppData/Local/UnrealEngine/4.21/DerivedDataCache/Boot.ddc.
[2019.04.03-03.39.41:357][  0]LogInit: Texture streaming: Enabled
[2019.04.03-03.39.41:376][  0]LogEngineSessionManager: EngineSessionManager initialized
[2019.04.03-03.39.41:390][  0]LogInit: Transaction tracking system initialized
[2019.04.03-03.39.41:415][  0]BlueprintLog: New page: Editor Load
[2019.04.03-03.39.41:491][  0]LocalizationService: Localization service is disabled
[2019.04.03-03.39.41:871][  0]LogFileCache: Scanning file cache for directory 'D:/James Robson/Github/hikikomori/Hikikomori_MAIN/Content/' took 0.01s
[2019.04.03-03.39.41:871][  0]LogCook: Display: Max memory allowance for cook 16384mb min free memory 0mb
[2019.04.03-03.39.41:871][  0]LogCook: Display: Mobile HDR setting 1
[2019.04.03-03.39.41:871][  0]LogGameplayTags: Display: UGameplayTagsManager::DoneAddingNativeTags. DelegateIsBound: 0
[2019.04.03-03.39.41:871][  0]LogStats: UGameplayTagsManager::ConstructGameplayTagTree: ImportINI prefixes -  0.000 s
[2019.04.03-03.39.41:871][  0]LogStats: UGameplayTagsManager::ConstructGameplayTagTree: Construct from data asset -  0.000 s
[2019.04.03-03.39.41:871][  0]LogStats: UGameplayTagsManager::ConstructGameplayTagTree: ImportINI -  0.000 s
[2019.04.03-03.39.41:871][  0]LogStats: UGameplayTagsManager::ConstructGameplayTagTree: GameplayTagTreeChangedEvent.Broadcast -  0.000 s
[2019.04.03-03.39.41:993][  0]SourceControl: Source control is disabled
[2019.04.03-03.39.41:993][  0]Cmd: MAP LOAD FILE="D:/James Robson/Github/hikikomori/Hikikomori_MAIN/Content/Maps/BaseMap.umap" TEMPLATE=0 SHOWPROGRESS=1 FEATURELEVEL=3
[2019.04.03-03.39.41:993][  0]LightingResults: New page: Lighting Build
[2019.04.03-03.39.41:996][  0]MapCheck: New page: Map Check
[2019.04.03-03.39.41:996][  0]LightingResults: New page: Lighting Build
[2019.04.03-03.39.42:318][  0]LogAIModule: Creating AISystem for world BaseMap
[2019.04.03-03.39.42:331][  0]LogEditorServer: Finished looking for orphan Actors (0.000 secs)
[2019.04.03-03.39.42:352][  0]Cmd: MAP CHECKDEP NOCLEARLOG
[2019.04.03-03.39.42:353][  0]MapCheck: Map check complete: 0 Error(s), 0 Warning(s), took 0.09ms to complete.
[2019.04.03-03.39.42:353][  0]LogFileHelpers: Loading map 'BaseMap' took 0.360
[2019.04.03-03.39.42:442][  0]LogSlate: Updating window title bar state: overlay mode, drag disabled, window buttons hidden, title bar hidden
[2019.04.03-03.39.42:447][  0]LogSlate: Updating window title bar state: overlay mode, drag disabled, window buttons hidden, title bar hidden
[2019.04.03-03.39.42:453][  0]LogSlate: Updating window title bar state: overlay mode, drag disabled, window buttons hidden, title bar hidden
[2019.04.03-03.39.42:459][  0]LogSlate: Updating window title bar state: overlay mode, drag disabled, window buttons hidden, title bar hidden
[2019.04.03-03.39.42:466][  0]LogCollectionManager: Loaded 0 collections in 0.002466 seconds
[2019.04.03-03.39.42:482][  0]LogFileCache: Scanning file cache for directory 'D:/James Robson/Github/hikikomori/Hikikomori_MAIN/Saved/Collections/' took 0.01s
[2019.04.03-03.39.42:482][  0]LogFileCache: Scanning file cache for directory 'D:/James Robson/Github/hikikomori/Hikikomori_MAIN/Content/Developers/jrobson14/Collections/' took 0.00s
[2019.04.03-03.39.42:482][  0]LogFileCache: Scanning file cache for directory 'D:/James Robson/Github/hikikomori/Hikikomori_MAIN/Content/Collections/' took 0.00s
[2019.04.03-03.39.42:482][  0]LogCollectionManager: Rebuilt the GUID cache for 0 collections in 0.000000 seconds
[2019.04.03-03.39.42:489][  0]LogContentBrowser: Native class hierarchy populated in 0.0069 seconds. Added 2651 classes and 620 folders.
[2019.04.03-03.39.42:496][  0]LogContentBrowser: Native class hierarchy updated for 'WidgetCarousel' in 0.0002 seconds. Added 0 classes and 0 folders.
[2019.04.03-03.39.42:498][  0]LogPakFile: Registered encryption key '00000000000000000000000000000000': 0 pak files mounted, 0 remain pending
[2019.04.03-03.39.42:498][  0]LogPakFile: Registered encryption key '00000000000000000000000000000000': 0 pak files mounted, 0 remain pending
[2019.04.03-03.39.42:499][  0]LogPakFile: Registered encryption key '00000000000000000000000000000000': 0 pak files mounted, 0 remain pending
[2019.04.03-03.39.42:499][  0]LogPakFile: Registered encryption key '00000000000000000000000000000000': 0 pak files mounted, 0 remain pending
[2019.04.03-03.39.42:499][  0]LogPakFile: Registered encryption key '00000000000000000000000000000000': 0 pak files mounted, 0 remain pending
[2019.04.03-03.39.42:500][  0]LogPakFile: Registered encryption key '00000000000000000000000000000000': 0 pak files mounted, 0 remain pending
[2019.04.03-03.39.42:500][  0]LogPakFile: Registered encryption key '00000000000000000000000000000000': 0 pak files mounted, 0 remain pending
[2019.04.03-03.39.42:501][  0]LogPakFile: Registered encryption key '00000000000000000000000000000000': 0 pak files mounted, 0 remain pending
[2019.04.03-03.39.42:501][  0]LogPakFile: Registered encryption key '00000000000000000000000000000000': 0 pak files mounted, 0 remain pending
[2019.04.03-03.39.42:502][  0]LogPakFile: Registered encryption key '00000000000000000000000000000000': 0 pak files mounted, 0 remain pending
[2019.04.03-03.39.42:502][  0]LogPakFile: Registered encryption key '00000000000000000000000000000000': 0 pak files mounted, 0 remain pending
[2019.04.03-03.39.42:502][  0]LogPakFile: Registered encryption key '00000000000000000000000000000000': 0 pak files mounted, 0 remain pending
[2019.04.03-03.39.42:503][  0]LogPakFile: Registered encryption key '00000000000000000000000000000000': 0 pak files mounted, 0 remain pending
[2019.04.03-03.39.42:503][  0]LogPakFile: Registered encryption key '00000000000000000000000000000000': 0 pak files mounted, 0 remain pending
[2019.04.03-03.39.42:504][  0]LogPakFile: Registered encryption key '00000000000000000000000000000000': 0 pak files mounted, 0 remain pending
[2019.04.03-03.39.42:504][  0]LogPakFile: Registered encryption key '00000000000000000000000000000000': 0 pak files mounted, 0 remain pending
[2019.04.03-03.39.42:504][  0]LogPakFile: Registered encryption key '00000000000000000000000000000000': 0 pak files mounted, 0 remain pending
[2019.04.03-03.39.42:505][  0]LogPakFile: Registered encryption key '00000000000000000000000000000000': 0 pak files mounted, 0 remain pending
[2019.04.03-03.39.42:505][  0]LogPakFile: Registered encryption key '00000000000000000000000000000000': 0 pak files mounted, 0 remain pending
[2019.04.03-03.39.42:506][  0]LogPakFile: Registered encryption key '00000000000000000000000000000000': 0 pak files mounted, 0 remain pending
[2019.04.03-03.39.42:506][  0]LogPakFile: Registered encryption key '00000000000000000000000000000000': 0 pak files mounted, 0 remain pending
[2019.04.03-03.39.42:507][  0]LogPakFile: Registered encryption key '00000000000000000000000000000000': 0 pak files mounted, 0 remain pending
[2019.04.03-03.39.42:507][  0]LogPakFile: Registered encryption key '00000000000000000000000000000000': 0 pak files mounted, 0 remain pending
[2019.04.03-03.39.42:508][  0]LogPakFile: Registered encryption key '00000000000000000000000000000000': 0 pak files mounted, 0 remain pending
[2019.04.03-03.39.42:508][  0]LogPakFile: Registered encryption key '00000000000000000000000000000000': 0 pak files mounted, 0 remain pending
[2019.04.03-03.39.42:508][  0]LogPakFile: Registered encryption key '00000000000000000000000000000000': 0 pak files mounted, 0 remain pending
[2019.04.03-03.39.42:554][  0]LogContentBrowser: Native class hierarchy updated for 'AddContentDialog' in 0.0002 seconds. Added 0 classes and 0 folders.
[2019.04.03-03.39.42:559][  0]LogContentBrowser: Native class hierarchy updated for 'SceneOutliner' in 0.0002 seconds. Added 1 classes and 2 folders.
[2019.04.03-03.39.42:572][  0]LogSlate: Took 0.000698 seconds to synchronously load lazily loaded font '../../../Engine/Content/Slate/Fonts/Roboto-Regular.ttf' (155K)
[2019.04.03-03.39.42:576][  0]LogSlate: Took 0.000375 seconds to synchronously load lazily loaded font '../../../Engine/Content/Slate/Fonts/Roboto-Bold.ttf' (160K)
[2019.04.03-03.39.42:582][  0]LogSlate: Took 0.000170 seconds to synchronously load lazily loaded font '../../../Engine/Content/Editor/Slate/Fonts/FontAwesome.ttf' (139K)
[2019.04.03-03.39.42:650][  0]LogRenderer: Reallocating scene render targets to support 1616x808 Format 10 NumSamples 1 (Frame:1).
[2019.04.03-03.39.42:716][  0]LogContentBrowser: Verbose: The majority of assets in the view are of type: Texture2D
[2019.04.03-03.39.42:820][  0]LogContentBrowser: Native class hierarchy updated for 'HierarchicalLODOutliner' in 0.0002 seconds. Added 0 classes and 0 folders.
[2019.04.03-03.39.42:820][  0]LogLoad: (Engine Initialization) Total time: 8.74 seconds
[2019.04.03-03.39.42:820][  0]LogLoad: (Engine Initialization) Total Blueprint compile time: 0.00 seconds
[2019.04.03-03.39.42:885][  0]LogContentStreaming: Texture pool size now 1000 MB
[2019.04.03-03.39.42:907][  0]LogContentBrowser: Verbose: The majority of assets in the view are of type: Blueprint
[2019.04.03-03.39.42:998][  2]LogAssetRegistry: Asset discovery search completed in 4.8759 seconds
[2019.04.03-03.39.43:001][  2]LogCollectionManager: Rebuilt the object cache for 0 collections in 0.000000 seconds (found 0 objects)
[2019.04.03-03.39.43:001][  2]LogCollectionManager: Fixed up redirectors for 0 collections in 0.000053 seconds (updated 0 objects)
[2019.04.03-03.39.50:714][ 25]LogSlate: FSceneViewport::OnFocusLost() reason 0
[2019.04.03-03.39.50:718][ 25]LogSlate: Took 0.000167 seconds to synchronously load lazily loaded font '../../../Engine/Content/Slate/Fonts/Roboto-Light.ttf' (167K)
[2019.04.03-03.39.50:722][ 25]LogAssetEditorManager: Opening Asset editor for Blueprint /Game/FirstPersonBP/CORE_Blueprints/FirstPersonCharacter.FirstPersonCharacter
[2019.04.03-03.39.51:165][ 25]LogContentBrowser: Native class hierarchy updated for 'BlueprintGraph' in 0.0005 seconds. Added 117 classes and 0 folders.
[2019.04.03-03.39.51:820][ 25]LogSlate: Took 0.003887 seconds to synchronously load lazily loaded font '../../../Engine/Content/Slate/Fonts/Roboto-BoldCondensed.ttf' (158K)
[2019.04.03-03.39.52:124][ 26]LogSlate: Took 0.003754 seconds to synchronously load lazily loaded font '../../../Engine/Content/Slate/Fonts/Roboto-Italic.ttf' (157K)
[2019.04.03-03.40.19:697][364]LogTemp: Repeating last play command: Selected Viewport
[2019.04.03-03.40.19:711][364]LogBlueprintUserMessages: Early PlayInEditor Detection: Level '/Game/Maps/BaseMap.BaseMap:PersistentLevel' has LevelScriptBlueprint '/Game/Maps/BaseMap.BaseMap:PersistentLevel.BaseMap' with GeneratedClass '/Game/Maps/BaseMap.BaseMap_C' with ClassGeneratedBy '/Game/Maps/BaseMap.BaseMap:PersistentLevel.BaseMap'
[2019.04.03-03.40.19:712][364]BlueprintLog: New page: Pre-Play auto-recompile
[2019.04.03-03.40.19:736][364]LogPlayLevel: [PlayLevel] Compiling FirstPersonCharacter before play...
[2019.04.03-03.40.19:765][364]LogBlueprint: Error: [Compiler FirstPersonCharacter] Could not find a function named "Roll Object" in 'FirstPersonCharacter_C'.
Make sure 'FirstPersonCharacter_C' has been compiled for  Roll Object
[2019.04.03-03.40.19:765][364]LogBlueprint: Error: [Compiler FirstPersonCharacter] Could not find a function named "Roll Object" in 'FirstPersonCharacter_C'.
Make sure 'FirstPersonCharacter_C' has been compiled for  Roll Object
[2019.04.03-03.40.19:772][364]LogBlueprint: Warning: [Compiler FirstPersonCharacter] [0045.69] Compile of FirstPersonCharacter failed. 2 Fatal Issue(s) 0 Warning(s) [in 36 ms] (/Game/FirstPersonBP/CORE_Blueprints/FirstPersonCharacter.FirstPersonCharacter)
[2019.04.03-03.40.19:972][364]LogSavePackage: Moving 'D:/James Robson/Github/hikikomori/Hikikomori_MAIN/Saved/FirstPersonCharacterDA61A0E04C8B86D9A940019B568C2825.tmp' to 'D:/James Robson/Github/hikikomori/Hikikomori_MAIN/Content/FirstPersonBP/CORE_Blueprints/FirstPersonCharacter.uasset'
[2019.04.03-03.40.20:007][364]LogPlayLevel: PlayLevel: Blueprint regeneration took 295 ms (1 blueprints)
[2019.04.03-03.40.20:007][364]BlueprintLog: Blueprint FirstPersonCharacter failed to compile
[2019.04.03-03.40.22:947][364]LogSlate: Window 'Message' being destroyed
[2019.04.03-03.40.24:667][492]BlueprintLog: New page: Compile FirstPersonCharacter
[2019.04.03-03.40.24:720][492]LogBlueprint: Error: [Compiler FirstPersonCharacter] Could not find a function named "Roll Object" in 'FirstPersonCharacter_C'.
Make sure 'FirstPersonCharacter_C' has been compiled for  Roll Object
[2019.04.03-03.40.24:721][492]LogBlueprint: Error: [Compiler FirstPersonCharacter] Could not find a function named "Roll Object" in 'FirstPersonCharacter_C'.
Make sure 'FirstPersonCharacter_C' has been compiled for  Roll Object
[2019.04.03-03.40.24:855][492]LogBlueprint: Warning: [Compiler FirstPersonCharacter] [0050.77] Compile of FirstPersonCharacter failed. 2 Fatal Issue(s) 0 Warning(s) [in 187 ms] (/Game/FirstPersonBP/CORE_Blueprints/FirstPersonCharacter.FirstPersonCharacter)
[2019.04.03-03.40.44:649][477]LogTemp: Repeating last play command: Selected Viewport
[2019.04.03-03.40.44:663][477]LogBlueprintUserMessages: Early PlayInEditor Detection: Level '/Game/Maps/BaseMap.BaseMap:PersistentLevel' has LevelScriptBlueprint '/Game/Maps/BaseMap.BaseMap:PersistentLevel.BaseMap' with GeneratedClass '/Game/Maps/BaseMap.BaseMap_C' with ClassGeneratedBy '/Game/Maps/BaseMap.BaseMap:PersistentLevel.BaseMap'
[2019.04.03-03.40.44:663][477]BlueprintLog: New page: Pre-Play auto-recompile
[2019.04.03-03.40.44:686][477]LogPlayLevel: [PlayLevel] Compiling FirstPersonCharacter before play...
[2019.04.03-03.40.44:714][477]LogBlueprint: Error: [Compiler FirstPersonCharacter] Could not find a function named "Roll Object" in 'FirstPersonCharacter_C'.
Make sure 'FirstPersonCharacter_C' has been compiled for  Roll Object
[2019.04.03-03.40.44:721][477]LogBlueprint: Warning: [Compiler FirstPersonCharacter] [0070.64] Compile of FirstPersonCharacter failed. 1 Fatal Issue(s) 0 Warning(s) [in 35 ms] (/Game/FirstPersonBP/CORE_Blueprints/FirstPersonCharacter.FirstPersonCharacter)
[2019.04.03-03.40.44:914][477]LogSavePackage: Moving 'D:/James Robson/Github/hikikomori/Hikikomori_MAIN/Saved/FirstPersonCharacter0FB09E8C48257762AFF40993CE001FB3.tmp' to 'D:/James Robson/Github/hikikomori/Hikikomori_MAIN/Content/FirstPersonBP/CORE_Blueprints/FirstPersonCharacter.uasset'
[2019.04.03-03.40.44:940][477]LogPlayLevel: PlayLevel: Blueprint regeneration took 277 ms (1 blueprints)
[2019.04.03-03.40.44:940][477]BlueprintLog: Blueprint FirstPersonCharacter failed to compile
[2019.04.03-03.40.46:586][477]LogSlate: Window 'Message' being destroyed
[2019.04.03-03.40.46:589][477]PIE: New page: PIE session: BaseMap (3 Apr 2019 7:40:46 pm)
[2019.04.03-03.40.46:602][477]LogPlayLevel: Creating play world package: /Game/Maps/UEDPIE_0_BaseMap
[2019.04.03-03.40.46:635][477]LogPlayLevel: PIE: StaticDuplicateObject took: (0.034172s)
[2019.04.03-03.40.46:636][477]LogAIModule: Creating AISystem for world BaseMap
[2019.04.03-03.40.46:636][477]LogPlayLevel: PIE: World Init took: (0.000592s)
[2019.04.03-03.40.46:636][477]LogPlayLevel: PIE: Created PIE world by copying editor world from /Game/Maps/BaseMap.BaseMap to /Game/Maps/UEDPIE_0_BaseMap.BaseMap (0.035020s)
[2019.04.03-03.40.46:684][477]LogInit: XAudio2 using 'VZ27A (2- NVIDIA High Definition Audio)' : 2 channels at 48 kHz using 16 bits per sample (channel mask 0x3)
[2019.04.03-03.40.46:697][477]LogInit: FAudioDevice initialized.
[2019.04.03-03.40.46:742][477]LogLoad: Game class is 'FirstPersonGameMode_C'
[2019.04.03-03.40.46:745][477]LogWorld: Bringing World /Game/Maps/UEDPIE_0_BaseMap.BaseMap up for play (max tick rate 0) at 2019.04.03-11.40.46
[2019.04.03-03.40.46:745][477]LogWorld: Bringing up level for play took: 0.001926
[2019.04.03-03.40.46:762][477]LogContentBrowser: Native class hierarchy updated for 'MovieSceneCapture' in 0.0002 seconds. Added 20 classes and 0 folders.
[2019.04.03-03.40.46:763][477]PIE: Play in editor start time for /Game/Maps/UEDPIE_0_BaseMap 1.154
[2019.04.03-03.40.46:763][477]LogBlueprintUserMessages: Late PlayInEditor Detection: Level '/Game/Maps/BaseMap.BaseMap:PersistentLevel' has LevelScriptBlueprint '/Game/Maps/BaseMap.BaseMap:PersistentLevel.BaseMap' with GeneratedClass '/Game/Maps/BaseMap.BaseMap_C' with ClassGeneratedBy '/Game/Maps/BaseMap.BaseMap:PersistentLevel.BaseMap'
[2019.04.03-03.40.46:995][478]LogCharacterMovement: Warning: GetSimulationTimeStep() - Max iterations 8 hit while remaining time 0.085167 > MaxSimulationTimeStep (0.050) for 'FirstPersonCharacter_C_0', movement 'Walking'
[2019.04.03-03.40.49:245][696]LogBlueprintUserMessages: Early EndPlayMap Detection: Level '/Game/Maps/BaseMap.BaseMap:PersistentLevel' has LevelScriptBlueprint '/Game/Maps/BaseMap.BaseMap:PersistentLevel.BaseMap' with GeneratedClass '/Game/Maps/BaseMap.BaseMap_C' with ClassGeneratedBy '/Game/Maps/BaseMap.BaseMap:PersistentLevel.BaseMap'
[2019.04.03-03.40.49:245][696]LogSlate: Updating window title bar state: overlay mode, drag disabled, window buttons hidden, title bar hidden
[2019.04.03-03.40.49:276][696]LogPlayLevel: Display: Shutting down PIE online subsystems
[2019.04.03-03.40.49:277][696]LogBlueprintUserMessages: Late EndPlayMap Detection: Level '/Game/Maps/BaseMap.BaseMap:PersistentLevel' has LevelScriptBlueprint '/Game/Maps/BaseMap.BaseMap:PersistentLevel.BaseMap' with GeneratedClass '/Game/Maps/BaseMap.BaseMap_C' with ClassGeneratedBy '/Game/Maps/BaseMap.BaseMap:PersistentLevel.BaseMap'
[2019.04.03-03.40.49:301][696]LogSlate: Updating window title bar state: overlay mode, drag disabled, window buttons hidden, title bar hidden
[2019.04.03-03.40.49:345][699]LogPlayLevel: Display: Destroying online subsystem :Context_2
[2019.04.03-03.40.50:153][781]BlueprintLog: New page: Compile FirstPersonCharacter
[2019.04.03-03.40.50:205][781]LogBlueprint: Error: [Compiler FirstPersonCharacter] Could not find a function named "Roll Object" in 'FirstPersonCharacter_C'.
Make sure 'FirstPersonCharacter_C' has been compiled for  Roll Object
[2019.04.03-03.40.50:335][781]LogBlueprint: Warning: [Compiler FirstPersonCharacter] [0076.25] Compile of FirstPersonCharacter failed. 1 Fatal Issue(s) 0 Warning(s) [in 181 ms] (/Game/FirstPersonBP/CORE_Blueprints/FirstPersonCharacter.FirstPersonCharacter)
[2019.04.03-03.40.59:152][619]LogTemp: Repeating last play command: Selected Viewport
[2019.04.03-03.40.59:167][619]LogBlueprintUserMessages: Early PlayInEditor Detection: Level '/Game/Maps/BaseMap.BaseMap:PersistentLevel' has LevelScriptBlueprint '/Game/Maps/BaseMap.BaseMap:PersistentLevel.BaseMap' with GeneratedClass '/Game/Maps/BaseMap.BaseMap_C' with ClassGeneratedBy '/Game/Maps/BaseMap.BaseMap:PersistentLevel.BaseMap'
[2019.04.03-03.40.59:167][619]BlueprintLog: New page: Pre-Play auto-recompile
[2019.04.03-03.40.59:190][619]LogPlayLevel: [PlayLevel] Compiling FirstPersonCharacter before play...
[2019.04.03-03.40.59:420][619]LogSavePackage: Moving 'D:/James Robson/Github/hikikomori/Hikikomori_MAIN/Saved/FirstPersonCharacter480D434F434B777F30B6E9B7258D0088.tmp' to 'D:/James Robson/Github/hikikomori/Hikikomori_MAIN/Content/FirstPersonBP/CORE_Blueprints/FirstPersonCharacter.uasset'
[2019.04.03-03.40.59:445][619]LogPlayLevel: PlayLevel: Blueprint regeneration took 278 ms (1 blueprints)
[2019.04.03-03.40.59:445][619]PIE: New page: PIE session: BaseMap (3 Apr 2019 7:40:59 pm)
[2019.04.03-03.40.59:446][619]LogPlayLevel: Creating play world package: /Game/Maps/UEDPIE_0_BaseMap
[2019.04.03-03.40.59:472][619]LogPlayLevel: PIE: StaticDuplicateObject took: (0.026034s)
[2019.04.03-03.40.59:472][619]LogAIModule: Creating AISystem for world BaseMap
[2019.04.03-03.40.59:472][619]LogPlayLevel: PIE: World Init took: (0.000488s)
[2019.04.03-03.40.59:472][619]LogPlayLevel: PIE: Created PIE world by copying editor world from /Game/Maps/BaseMap.BaseMap to /Game/Maps/UEDPIE_0_BaseMap.BaseMap (0.026675s)
[2019.04.03-03.40.59:519][619]LogInit: XAudio2 using 'VZ27A (2- NVIDIA High Definition Audio)' : 2 channels at 48 kHz using 16 bits per sample (channel mask 0x3)
[2019.04.03-03.40.59:531][619]LogInit: FAudioDevice initialized.
[2019.04.03-03.40.59:561][619]LogLoad: Game class is 'FirstPersonGameMode_C'
[2019.04.03-03.40.59:564][619]LogWorld: Bringing World /Game/Maps/UEDPIE_0_BaseMap.BaseMap up for play (max tick rate 0) at 2019.04.03-11.40.59
[2019.04.03-03.40.59:564][619]LogWorld: Bringing up level for play took: 0.001714
[2019.04.03-03.40.59:577][619]PIE: Play in editor start time for /Game/Maps/UEDPIE_0_BaseMap -0.033
[2019.04.03-03.40.59:577][619]LogBlueprintUserMessages: Late PlayInEditor Detection: Level '/Game/Maps/BaseMap.BaseMap:PersistentLevel' has LevelScriptBlueprint '/Game/Maps/BaseMap.BaseMap:PersistentLevel.BaseMap' with GeneratedClass '/Game/Maps/BaseMap.BaseMap_C' with ClassGeneratedBy '/Game/Maps/BaseMap.BaseMap:PersistentLevel.BaseMap'
[2019.04.03-03.40.59:815][620]LogCharacterMovement: Warning: GetSimulationTimeStep() - Max iterations 8 hit while remaining time 0.086448 > MaxSimulationTimeStep (0.050) for 'FirstPersonCharacter_C_0', movement 'Walking'
[2019.04.03-03.41.02:264][836]LogBlueprintUserMessages: Early EndPlayMap Detection: Level '/Game/Maps/BaseMap.BaseMap:PersistentLevel' has LevelScriptBlueprint '/Game/Maps/BaseMap.BaseMap:PersistentLevel.BaseMap' with GeneratedClass '/Game/Maps/BaseMap.BaseMap_C' with ClassGeneratedBy '/Game/Maps/BaseMap.BaseMap:PersistentLevel.BaseMap'
[2019.04.03-03.41.02:264][836]LogSlate: Updating window title bar state: overlay mode, drag disabled, window buttons hidden, title bar hidden
[2019.04.03-03.41.02:297][836]LogPlayLevel: Display: Shutting down PIE online subsystems
[2019.04.03-03.41.02:298][836]LogBlueprintUserMessages: Late EndPlayMap Detection: Level '/Game/Maps/BaseMap.BaseMap:PersistentLevel' has LevelScriptBlueprint '/Game/Maps/BaseMap.BaseMap:PersistentLevel.BaseMap' with GeneratedClass '/Game/Maps/BaseMap.BaseMap_C' with ClassGeneratedBy '/Game/Maps/BaseMap.BaseMap:PersistentLevel.BaseMap'
[2019.04.03-03.41.02:319][836]LogSlate: Updating window title bar state: overlay mode, drag disabled, window buttons hidden, title bar hidden
[2019.04.03-03.41.02:367][839]LogPlayLevel: Display: Destroying online subsystem :Context_3
[2019.04.03-03.41.20:948][476]LogSlate: Window 'FirstPersonCharacter' being destroyed
[2019.04.03-03.41.20:951][476]LogSlate: Window 'FirstPersonCharacter' being destroyed
[2019.04.03-03.41.24:305][869]LogAssetEditorManager: Opening Asset editor for Blueprint /Game/FirstPersonBP/CORE_Blueprints/FirstPersonCharacter.FirstPersonCharacter
[2019.04.03-03.41.25:567][934]BlueprintLog: New page: Compile FirstPersonCharacter
[2019.04.03-03.41.27:353][ 39]LogSlate: Window 'FirstPersonCharacter' being destroyed
[2019.04.03-03.41.27:357][ 39]LogSlate: Window 'FirstPersonCharacter' being destroyed
[2019.04.03-03.41.28:850][210]LogTemp: Repeating last play command: Selected Viewport
[2019.04.03-03.41.28:861][210]LogBlueprintUserMessages: Early PlayInEditor Detection: Level '/Game/Maps/BaseMap.BaseMap:PersistentLevel' has LevelScriptBlueprint '/Game/Maps/BaseMap.BaseMap:PersistentLevel.BaseMap' with GeneratedClass '/Game/Maps/BaseMap.BaseMap_C' with ClassGeneratedBy '/Game/Maps/BaseMap.BaseMap:PersistentLevel.BaseMap'
[2019.04.03-03.41.28:861][210]LogPlayLevel: PlayLevel: No blueprints needed recompiling
[2019.04.03-03.41.28:861][210]PIE: New page: PIE session: BaseMap (3 Apr 2019 7:41:28 pm)
[2019.04.03-03.41.28:861][210]LogPlayLevel: Creating play world package: /Game/Maps/UEDPIE_0_BaseMap
[2019.04.03-03.41.28:887][210]LogPlayLevel: PIE: StaticDuplicateObject took: (0.026376s)
[2019.04.03-03.41.28:888][210]LogAIModule: Creating AISystem for world BaseMap
[2019.04.03-03.41.28:888][210]LogPlayLevel: PIE: World Init took: (0.000665s)
[2019.04.03-03.41.28:888][210]LogPlayLevel: PIE: Created PIE world by copying editor world from /Game/Maps/BaseMap.BaseMap to /Game/Maps/UEDPIE_0_BaseMap.BaseMap (0.027193s)
[2019.04.03-03.41.28:932][210]LogInit: XAudio2 using 'VZ27A (2- NVIDIA High Definition Audio)' : 2 channels at 48 kHz using 16 bits per sample (channel mask 0x3)
[2019.04.03-03.41.28:944][210]LogInit: FAudioDevice initialized.
[2019.04.03-03.41.28:973][210]LogLoad: Game class is 'FirstPersonGameMode_C'
[2019.04.03-03.41.28:975][210]LogWorld: Bringing World /Game/Maps/UEDPIE_0_BaseMap.BaseMap up for play (max tick rate 0) at 2019.04.03-11.41.28
[2019.04.03-03.41.28:975][210]LogWorld: Bringing up level for play took: 0.001661
[2019.04.03-03.41.28:989][210]PIE: Play in editor start time for /Game/Maps/UEDPIE_0_BaseMap -0.621
[2019.04.03-03.41.28:989][210]LogBlueprintUserMessages: Late PlayInEditor Detection: Level '/Game/Maps/BaseMap.BaseMap:PersistentLevel' has LevelScriptBlueprint '/Game/Maps/BaseMap.BaseMap:PersistentLevel.BaseMap' with GeneratedClass '/Game/Maps/BaseMap.BaseMap_C' with ClassGeneratedBy '/Game/Maps/BaseMap.BaseMap:PersistentLevel.BaseMap'
[2019.04.03-03.42.19:749][ 43]LogBlueprintUserMessages: Early EndPlayMap Detection: Level '/Game/Maps/BaseMap.BaseMap:PersistentLevel' has LevelScriptBlueprint '/Game/Maps/BaseMap.BaseMap:PersistentLevel.BaseMap' with GeneratedClass '/Game/Maps/BaseMap.BaseMap_C' with ClassGeneratedBy '/Game/Maps/BaseMap.BaseMap:PersistentLevel.BaseMap'
[2019.04.03-03.42.19:749][ 43]LogSlate: Updating window title bar state: overlay mode, drag disabled, window buttons hidden, title bar hidden
[2019.04.03-03.42.19:790][ 43]LogPlayLevel: Display: Shutting down PIE online subsystems
[2019.04.03-03.42.19:791][ 43]LogBlueprintUserMessages: Late EndPlayMap Detection: Level '/Game/Maps/BaseMap.BaseMap:PersistentLevel' has LevelScriptBlueprint '/Game/Maps/BaseMap.BaseMap:PersistentLevel.BaseMap' with GeneratedClass '/Game/Maps/BaseMap.BaseMap_C' with ClassGeneratedBy '/Game/Maps/BaseMap.BaseMap:PersistentLevel.BaseMap'
[2019.04.03-03.42.19:817][ 43]LogSlate: Updating window title bar state: overlay mode, drag disabled, window buttons hidden, title bar hidden
[2019.04.03-03.42.19:848][ 44]LogPlayLevel: Display: Destroying online subsystem :Context_5
[2019.04.03-03.42.21:399][226]LogSlate: FSceneViewport::OnFocusLost() reason 2
[2019.04.03-03.42.21:404][226]Cmd: OBJ SAVEPACKAGE PACKAGE="/Game/Maps/BaseMap" FILE="D:/James Robson/Github/hikikomori/Hikikomori_MAIN/Content/Maps/BaseMap.umap" SILENT=true AUTOSAVING=false KEEPDIRTY=false
[2019.04.03-03.42.21:679][226]LogSavePackage: Moving 'D:/James Robson/Github/hikikomori/Hikikomori_MAIN/Saved/BaseMap1647C4514C9BFD92633348B633B08A46.tmp' to 'D:/James Robson/Github/hikikomori/Hikikomori_MAIN/Content/Maps/BaseMap.umap'
[2019.04.03-03.42.21:704][226]Cmd: OBJ SAVEPACKAGE PACKAGE="/Game/Maps/BaseMap_BuiltData" FILE="D:/James Robson/Github/hikikomori/Hikikomori_MAIN/Content/Maps/BaseMap_BuiltData.uasset" SILENT=true
[2019.04.03-03.42.21:769][226]LogSavePackage: Moving 'D:/James Robson/Github/hikikomori/Hikikomori_MAIN/Saved/BaseMap_BuiltData0466B96D404A2E65096323B83A531C1B.tmp' to 'D:/James Robson/Github/hikikomori/Hikikomori_MAIN/Content/Maps/BaseMap_BuiltData.uasset'
[2019.04.03-03.42.24:492][524]LogSlate: FSceneViewport::OnFocusLost() reason 0
